INFO - 
--------- Loss ---------
INFO - Name : pairwise
INFO - eta : 2
INFO - margin : 1
INFO - 
------ Regularizer -----
INFO - Name : LP
INFO - lambda : 1e-05
INFO - p : 3
INFO - 
------ Optimizer -----
INFO - Name : adam
INFO - lr : 0.001
INFO - 
------ Initializer -----
INFO - Name : xavier
INFO - uniform : False
INFO - 
--------- Loss ---------
INFO - Name : pairwise
INFO - eta : 2
INFO - margin : 1
INFO - 
------ Regularizer -----
INFO - Name : LP
INFO - lambda : 1e-05
INFO - p : 3
INFO - 
------ Optimizer -----
INFO - Name : adam
INFO - lr : 0.001
INFO - 
------ Initializer -----
INFO - Name : xavier
INFO - uniform : False
WARNING - 
DeepCTR version 0.9.0 detected. Your version is 0.8.4.
Use `pip install -U deepctr` to upgrade.Changelog: https://github.com/shenweichen/DeepCTR/releases/tag/v0.9.0
INFO - 
--------- Loss ---------
INFO - Name : pairwise
INFO - eta : 2
INFO - margin : 1
INFO - 
------ Regularizer -----
INFO - Name : LP
INFO - lambda : 1e-05
INFO - p : 3
INFO - 
------ Optimizer -----
INFO - Name : adam
INFO - lr : 0.001
INFO - 
------ Initializer -----
INFO - Name : xavier
INFO - uniform : False
WARNING - 
DeepCTR version 0.9.0 detected. Your version is 0.8.4.
Use `pip install -U deepctr` to upgrade.Changelog: https://github.com/shenweichen/DeepCTR/releases/tag/v0.9.0
INFO - 
--------- Loss ---------
INFO - Name : pairwise
INFO - eta : 2
INFO - margin : 1
INFO - 
------ Regularizer -----
INFO - Name : LP
INFO - lambda : 1e-05
INFO - p : 3
INFO - 
------ Optimizer -----
INFO - Name : adam
INFO - lr : 0.001
INFO - 
------ Initializer -----
INFO - Name : xavier
INFO - uniform : False
WARNING - 
DeepCTR version 0.9.0 detected. Your version is 0.8.4.
Use `pip install -U deepctr` to upgrade.Changelog: https://github.com/shenweichen/DeepCTR/releases/tag/v0.9.0
WARNING - 
DeepCTR version 0.9.0 detected. Your version is 0.8.4.
Use `pip install -U deepctr` to upgrade.Changelog: https://github.com/shenweichen/DeepCTR/releases/tag/v0.9.0
WARNING - 
DeepCTR version 0.9.0 detected. Your version is 0.8.4.
Use `pip install -U deepctr` to upgrade.Changelog: https://github.com/shenweichen/DeepCTR/releases/tag/v0.9.0
INFO - 
--------- Loss ---------
INFO - Name : pairwise
INFO - eta : 2
INFO - margin : 1
INFO - 
------ Regularizer -----
INFO - Name : LP
INFO - lambda : 1e-05
INFO - p : 3
INFO - 
------ Optimizer -----
INFO - Name : adam
INFO - lr : 0.001
INFO - 
------ Initializer -----
INFO - Name : xavier
INFO - uniform : False
ERROR - Input triples include one or more concepts not present in the training set. Please filter all concepts in X that do not occur in the training test (set filter_unseen=True in evaluate_performance) or retrain the model on a training set that includes all the desired concept types.
WARNING - 
DeepCTR version 0.9.0 detected. Your version is 0.8.4.
Use `pip install -U deepctr` to upgrade.Changelog: https://github.com/shenweichen/DeepCTR/releases/tag/v0.9.0
INFO - 
--------- Loss ---------
INFO - Name : pairwise
INFO - eta : 2
INFO - margin : 1
INFO - 
------ Regularizer -----
INFO - Name : LP
INFO - lambda : 1e-05
INFO - p : 3
INFO - 
------ Optimizer -----
INFO - Name : adam
INFO - lr : 0.001
INFO - 
------ Initializer -----
INFO - Name : xavier
INFO - uniform : False
WARNING - 
DeepCTR version 0.9.0 detected. Your version is 0.8.4.
Use `pip install -U deepctr` to upgrade.Changelog: https://github.com/shenweichen/DeepCTR/releases/tag/v0.9.0
WARNING - 
DeepCTR version 0.9.0 detected. Your version is 0.8.4.
Use `pip install -U deepctr` to upgrade.Changelog: https://github.com/shenweichen/DeepCTR/releases/tag/v0.9.0
INFO - 
--------- Loss ---------
INFO - Name : pairwise
INFO - eta : 2
INFO - margin : 1
INFO - 
------ Regularizer -----
INFO - Name : LP
INFO - lambda : 1e-05
INFO - p : 3
INFO - 
------ Optimizer -----
INFO - Name : adam
INFO - lr : 0.001
INFO - 
------ Initializer -----
INFO - Name : xavier
INFO - uniform : False
WARNING - 
DeepCTR version 0.9.0 detected. Your version is 0.8.4.
Use `pip install -U deepctr` to upgrade.Changelog: https://github.com/shenweichen/DeepCTR/releases/tag/v0.9.0
INFO - 
--------- Loss ---------
INFO - Name : pairwise
INFO - eta : 2
INFO - margin : 1
INFO - 
------ Regularizer -----
INFO - Name : LP
INFO - lambda : 1e-05
INFO - p : 3
INFO - 
------ Optimizer -----
INFO - Name : adam
INFO - lr : 0.001
INFO - 
------ Initializer -----
INFO - Name : xavier
INFO - uniform : False
WARNING - 
DeepCTR version 0.9.0 detected. Your version is 0.8.4.
Use `pip install -U deepctr` to upgrade.Changelog: https://github.com/shenweichen/DeepCTR/releases/tag/v0.9.0
INFO - 
--------- Loss ---------
INFO - Name : pairwise
INFO - eta : 2
INFO - margin : 1
INFO - 
------ Regularizer -----
INFO - Name : LP
INFO - lambda : 1e-05
INFO - p : 3
INFO - 
------ Optimizer -----
INFO - Name : adam
INFO - lr : 0.001
INFO - 
------ Initializer -----
INFO - Name : xavier
INFO - uniform : False
WARNING - 
DeepCTR version 0.9.0 detected. Your version is 0.8.4.
Use `pip install -U deepctr` to upgrade.Changelog: https://github.com/shenweichen/DeepCTR/releases/tag/v0.9.0
WARNING - 
DeepCTR version 0.9.0 detected. Your version is 0.8.4.
Use `pip install -U deepctr` to upgrade.Changelog: https://github.com/shenweichen/DeepCTR/releases/tag/v0.9.0
INFO - 
--------- Loss ---------
INFO - Name : pairwise
INFO - eta : 2
INFO - margin : 1
INFO - 
------ Regularizer -----
INFO - Name : LP
INFO - lambda : 1e-05
INFO - p : 3
INFO - 
------ Optimizer -----
INFO - Name : adam
INFO - lr : 0.001
INFO - 
------ Initializer -----
INFO - Name : xavier
INFO - uniform : False
WARNING - 
DeepCTR version 0.9.0 detected. Your version is 0.8.4.
Use `pip install -U deepctr` to upgrade.Changelog: https://github.com/shenweichen/DeepCTR/releases/tag/v0.9.0
INFO - 
--------- Loss ---------
INFO - Name : pairwise
INFO - eta : 2
INFO - margin : 1
INFO - 
------ Regularizer -----
INFO - Name : LP
INFO - lambda : 1e-05
INFO - p : 3
INFO - 
------ Optimizer -----
INFO - Name : adam
INFO - lr : 0.001
INFO - 
------ Initializer -----
INFO - Name : xavier
INFO - uniform : False
WARNING - 
DeepCTR version 0.9.0 detected. Your version is 0.8.4.
Use `pip install -U deepctr` to upgrade.Changelog: https://github.com/shenweichen/DeepCTR/releases/tag/v0.9.0
INFO - 
--------- Loss ---------
INFO - Name : pairwise
INFO - eta : 2
INFO - margin : 1
INFO - 
------ Regularizer -----
INFO - Name : LP
INFO - lambda : 1e-05
INFO - p : 3
INFO - 
------ Optimizer -----
INFO - Name : adam
INFO - lr : 0.001
INFO - 
------ Initializer -----
INFO - Name : xavier
INFO - uniform : False
WARNING - 
DeepCTR version 0.9.0 detected. Your version is 0.8.4.
Use `pip install -U deepctr` to upgrade.Changelog: https://github.com/shenweichen/DeepCTR/releases/tag/v0.9.0
WARNING - 
DeepCTR version 0.9.0 detected. Your version is 0.8.4.
Use `pip install -U deepctr` to upgrade.Changelog: https://github.com/shenweichen/DeepCTR/releases/tag/v0.9.0
INFO - 
--------- Loss ---------
INFO - Name : pairwise
INFO - eta : 2
INFO - margin : 1
INFO - 
------ Regularizer -----
INFO - Name : LP
INFO - lambda : 1e-05
INFO - p : 3
INFO - 
------ Optimizer -----
INFO - Name : adam
INFO - lr : 0.001
INFO - 
------ Initializer -----
INFO - Name : xavier
INFO - uniform : False
INFO - 
--------- Loss ---------
INFO - Name : pairwise
INFO - eta : 2
INFO - margin : 1
INFO - 
------ Regularizer -----
INFO - Name : LP
INFO - lambda : 1e-05
INFO - p : 3
INFO - 
------ Optimizer -----
INFO - Name : adam
INFO - lr : 0.001
INFO - 
------ Initializer -----
INFO - Name : xavier
INFO - uniform : False
INFO - 
--------- Loss ---------
INFO - Name : pairwise
INFO - eta : 2
INFO - margin : 1
INFO - 
------ Regularizer -----
INFO - Name : LP
INFO - lambda : 1e-05
INFO - p : 3
INFO - 
------ Optimizer -----
INFO - Name : adam
INFO - lr : 0.001
INFO - 
------ Initializer -----
INFO - Name : xavier
INFO - uniform : False
WARNING - 
DeepCTR version 0.9.1 detected. Your version is 0.9.0.
Use `pip install -U deepctr` to upgrade.Changelog: https://github.com/shenweichen/DeepCTR/releases/tag/v0.9.1
INFO - 
--------- Loss ---------
INFO - Name : pairwise
INFO - eta : 2
INFO - margin : 1
INFO - 
------ Regularizer -----
INFO - Name : LP
INFO - lambda : 1e-05
INFO - p : 3
INFO - 
------ Optimizer -----
INFO - Name : adam
INFO - lr : 0.001
INFO - 
------ Initializer -----
INFO - Name : xavier
INFO - uniform : False
WARNING - 
DeepCTR version 0.9.1 detected. Your version is 0.9.0.
Use `pip install -U deepctr` to upgrade.Changelog: https://github.com/shenweichen/DeepCTR/releases/tag/v0.9.1
INFO - 
--------- Loss ---------
INFO - Name : pairwise
INFO - eta : 2
INFO - margin : 1
INFO - 
------ Regularizer -----
INFO - Name : LP
INFO - lambda : 1e-05
INFO - p : 3
INFO - 
------ Optimizer -----
INFO - Name : adam
INFO - lr : 0.001
INFO - 
------ Initializer -----
INFO - Name : xavier
INFO - uniform : False
WARNING - 
DeepCTR version 0.9.1 detected. Your version is 0.9.0.
Use `pip install -U deepctr` to upgrade.Changelog: https://github.com/shenweichen/DeepCTR/releases/tag/v0.9.1
INFO - 
--------- Loss ---------
INFO - Name : pairwise
INFO - eta : 2
INFO - margin : 1
INFO - 
------ Regularizer -----
INFO - Name : LP
INFO - lambda : 1e-05
INFO - p : 3
INFO - 
------ Optimizer -----
INFO - Name : adam
INFO - lr : 0.001
INFO - 
------ Initializer -----
INFO - Name : xavier
INFO - uniform : False
WARNING - 
DeepCTR version 0.9.1 detected. Your version is 0.8.4.
Use `pip install -U deepctr` to upgrade.Changelog: https://github.com/shenweichen/DeepCTR/releases/tag/v0.9.1
WARNING - 
DeepCTR version 0.9.1 detected. Your version is 0.8.4.
Use `pip install -U deepctr` to upgrade.Changelog: https://github.com/shenweichen/DeepCTR/releases/tag/v0.9.1
WARNING - 
DeepCTR version 0.9.1 detected. Your version is 0.8.4.
Use `pip install -U deepctr` to upgrade.Changelog: https://github.com/shenweichen/DeepCTR/releases/tag/v0.9.1
INFO - 
--------- Loss ---------
INFO - Name : pairwise
INFO - eta : 2
INFO - margin : 1
INFO - 
------ Regularizer -----
INFO - Name : LP
INFO - lambda : 1e-05
INFO - p : 3
INFO - 
------ Optimizer -----
INFO - Name : adam
INFO - lr : 0.001
INFO - 
------ Initializer -----
INFO - Name : xavier
INFO - uniform : False
INFO - 
--------- Loss ---------
INFO - Name : pairwise
INFO - eta : 2
INFO - margin : 1
INFO - 
------ Regularizer -----
INFO - Name : LP
INFO - lambda : 1e-05
INFO - p : 3
INFO - 
------ Optimizer -----
INFO - Name : adam
INFO - lr : 0.001
INFO - 
------ Initializer -----
INFO - Name : xavier
INFO - uniform : False
INFO - 
--------- Loss ---------
INFO - Name : pairwise
INFO - eta : 2
INFO - margin : 1
INFO - 
------ Regularizer -----
INFO - Name : LP
INFO - lambda : 1e-05
INFO - p : 3
INFO - 
------ Optimizer -----
INFO - Name : adam
INFO - lr : 0.001
INFO - 
------ Initializer -----
INFO - Name : xavier
INFO - uniform : False
INFO - 
--------- Loss ---------
INFO - Name : pairwise
INFO - eta : 2
INFO - margin : 1
INFO - 
------ Regularizer -----
INFO - Name : LP
INFO - lambda : 1e-05
INFO - p : 3
INFO - 
------ Optimizer -----
INFO - Name : adam
INFO - lr : 0.001
INFO - 
------ Initializer -----
INFO - Name : xavier
INFO - uniform : False
INFO - 
--------- Loss ---------
INFO - Name : pairwise
INFO - eta : 2
INFO - margin : 1
INFO - 
------ Regularizer -----
INFO - Name : LP
INFO - lambda : 1e-05
INFO - p : 3
INFO - 
------ Optimizer -----
INFO - Name : adam
INFO - lr : 0.001
INFO - 
------ Initializer -----
INFO - Name : xavier
INFO - uniform : False
INFO - 
--------- Loss ---------
INFO - Name : pairwise
INFO - eta : 2
INFO - margin : 1
INFO - 
------ Regularizer -----
INFO - Name : LP
INFO - lambda : 1e-05
INFO - p : 3
INFO - 
------ Optimizer -----
INFO - Name : adam
INFO - lr : 0.001
INFO - 
------ Initializer -----
INFO - Name : xavier
INFO - uniform : False
INFO - 
--------- Loss ---------
INFO - Name : pairwise
INFO - eta : 2
INFO - margin : 1
INFO - 
------ Regularizer -----
INFO - Name : LP
INFO - lambda : 1e-05
INFO - p : 3
INFO - 
------ Optimizer -----
INFO - Name : adam
INFO - lr : 0.001
INFO - 
------ Initializer -----
INFO - Name : xavier
INFO - uniform : False
INFO - 
--------- Loss ---------
INFO - Name : pairwise
INFO - eta : 2
INFO - margin : 1
INFO - 
------ Regularizer -----
INFO - Name : LP
INFO - lambda : 1e-05
INFO - p : 3
INFO - 
------ Optimizer -----
INFO - Name : adam
INFO - lr : 0.001
INFO - 
------ Initializer -----
INFO - Name : xavier
INFO - uniform : False
INFO - 
--------- Loss ---------
INFO - Name : pairwise
INFO - eta : 2
INFO - margin : 1
INFO - 
------ Regularizer -----
INFO - Name : LP
INFO - lambda : 1e-05
INFO - p : 3
INFO - 
------ Optimizer -----
INFO - Name : adam
INFO - lr : 0.001
INFO - 
------ Initializer -----
INFO - Name : xavier
INFO - uniform : False
INFO - 
--------- Loss ---------
INFO - Name : pairwise
INFO - eta : 2
INFO - margin : 1
INFO - 
------ Regularizer -----
INFO - Name : LP
INFO - lambda : 1e-05
INFO - p : 3
INFO - 
------ Optimizer -----
INFO - Name : adam
INFO - lr : 0.001
INFO - 
------ Initializer -----
INFO - Name : xavier
INFO - uniform : False
INFO - 
--------- Loss ---------
INFO - Name : pairwise
INFO - eta : 2
INFO - margin : 1
INFO - 
------ Regularizer -----
INFO - Name : LP
INFO - lambda : 1e-05
INFO - p : 3
INFO - 
------ Optimizer -----
INFO - Name : adam
INFO - lr : 0.001
INFO - 
------ Initializer -----
INFO - Name : xavier
INFO - uniform : False
INFO - 
--------- Loss ---------
INFO - Name : pairwise
INFO - eta : 2
INFO - margin : 1
INFO - 
------ Regularizer -----
INFO - Name : LP
INFO - lambda : 1e-05
INFO - p : 3
INFO - 
------ Optimizer -----
INFO - Name : adam
INFO - lr : 0.001
INFO - 
------ Initializer -----
INFO - Name : xavier
INFO - uniform : False
INFO - 
--------- Loss ---------
INFO - Name : pairwise
INFO - eta : 2
INFO - margin : 1
INFO - 
------ Regularizer -----
INFO - Name : LP
INFO - lambda : 1e-05
INFO - p : 3
INFO - 
------ Optimizer -----
INFO - Name : adam
INFO - lr : 0.001
INFO - 
------ Initializer -----
INFO - Name : xavier
INFO - uniform : False
INFO - 
--------- Loss ---------
INFO - Name : pairwise
INFO - eta : 2
INFO - margin : 1
INFO - 
------ Regularizer -----
INFO - Name : LP
INFO - lambda : 1e-05
INFO - p : 3
INFO - 
------ Optimizer -----
INFO - Name : adam
INFO - lr : 0.001
INFO - 
------ Initializer -----
INFO - Name : xavier
INFO - uniform : False
INFO - 
--------- Loss ---------
INFO - Name : pairwise
INFO - eta : 2
INFO - margin : 1
INFO - 
------ Regularizer -----
INFO - Name : LP
INFO - lambda : 1e-05
INFO - p : 3
INFO - 
------ Optimizer -----
INFO - Name : adam
INFO - lr : 0.001
INFO - 
------ Initializer -----
INFO - Name : xavier
INFO - uniform : False
INFO - 
--------- Loss ---------
INFO - Name : pairwise
INFO - eta : 2
INFO - margin : 1
INFO - 
------ Regularizer -----
INFO - Name : LP
INFO - lambda : 1e-05
INFO - p : 3
INFO - 
------ Optimizer -----
INFO - Name : adam
INFO - lr : 0.001
INFO - 
------ Initializer -----
INFO - Name : xavier
INFO - uniform : False
INFO - 
--------- Loss ---------
INFO - Name : pairwise
INFO - eta : 2
INFO - margin : 1
INFO - 
------ Regularizer -----
INFO - Name : LP
INFO - lambda : 1e-05
INFO - p : 3
INFO - 
------ Optimizer -----
INFO - Name : adam
INFO - lr : 0.001
INFO - 
------ Initializer -----
INFO - Name : xavier
INFO - uniform : False
INFO - 
--------- Loss ---------
INFO - Name : pairwise
INFO - eta : 2
INFO - margin : 1
INFO - 
------ Regularizer -----
INFO - Name : LP
INFO - lambda : 1e-05
INFO - p : 3
INFO - 
------ Optimizer -----
INFO - Name : adam
INFO - lr : 0.001
INFO - 
------ Initializer -----
INFO - Name : xavier
INFO - uniform : False
INFO - 
--------- Loss ---------
INFO - Name : pairwise
INFO - eta : 2
INFO - margin : 1
INFO - 
------ Regularizer -----
INFO - Name : LP
INFO - lambda : 1e-05
INFO - p : 3
INFO - 
------ Optimizer -----
INFO - Name : adam
INFO - lr : 0.001
INFO - 
------ Initializer -----
INFO - Name : xavier
INFO - uniform : False
INFO - 
--------- Loss ---------
INFO - Name : pairwise
INFO - eta : 2
INFO - margin : 1
INFO - 
------ Regularizer -----
INFO - Name : LP
INFO - lambda : 1e-05
INFO - p : 3
INFO - 
------ Optimizer -----
INFO - Name : adam
INFO - lr : 0.001
INFO - 
------ Initializer -----
INFO - Name : xavier
INFO - uniform : False
INFO - 
--------- Loss ---------
INFO - Name : pairwise
INFO - eta : 2
INFO - margin : 1
INFO - 
------ Regularizer -----
INFO - Name : LP
INFO - lambda : 1e-05
INFO - p : 3
INFO - 
------ Optimizer -----
INFO - Name : adam
INFO - lr : 0.001
INFO - 
------ Initializer -----
INFO - Name : xavier
INFO - uniform : False
INFO - 
--------- Loss ---------
INFO - Name : pairwise
INFO - eta : 2
INFO - margin : 1
INFO - 
------ Regularizer -----
INFO - Name : LP
INFO - lambda : 1e-05
INFO - p : 3
INFO - 
------ Optimizer -----
INFO - Name : adam
INFO - lr : 0.001
INFO - 
------ Initializer -----
INFO - Name : xavier
INFO - uniform : False
INFO - 
--------- Loss ---------
INFO - Name : pairwise
INFO - eta : 2
INFO - margin : 1
INFO - 
------ Regularizer -----
INFO - Name : LP
INFO - lambda : 1e-05
INFO - p : 3
INFO - 
------ Optimizer -----
INFO - Name : adam
INFO - lr : 0.001
INFO - 
------ Initializer -----
INFO - Name : xavier
INFO - uniform : False
INFO - 
--------- Loss ---------
INFO - Name : pairwise
INFO - eta : 2
INFO - margin : 1
INFO - 
------ Regularizer -----
INFO - Name : LP
INFO - lambda : 1e-05
INFO - p : 3
INFO - 
------ Optimizer -----
INFO - Name : adam
INFO - lr : 0.001
INFO - 
------ Initializer -----
INFO - Name : xavier
INFO - uniform : False
INFO - 
--------- Loss ---------
INFO - Name : pairwise
INFO - eta : 2
INFO - margin : 1
INFO - 
------ Regularizer -----
INFO - Name : LP
INFO - lambda : 1e-05
INFO - p : 3
INFO - 
------ Optimizer -----
INFO - Name : adam
INFO - lr : 0.001
INFO - 
------ Initializer -----
INFO - Name : xavier
INFO - uniform : False
INFO - 
--------- Loss ---------
INFO - Name : pairwise
INFO - eta : 2
INFO - margin : 1
INFO - 
------ Regularizer -----
INFO - Name : LP
INFO - lambda : 1e-05
INFO - p : 3
INFO - 
------ Optimizer -----
INFO - Name : adam
INFO - lr : 0.001
INFO - 
------ Initializer -----
INFO - Name : xavier
INFO - uniform : False
INFO - 
--------- Loss ---------
INFO - Name : pairwise
INFO - eta : 2
INFO - margin : 1
INFO - 
------ Regularizer -----
INFO - Name : LP
INFO - lambda : 1e-05
INFO - p : 3
INFO - 
------ Optimizer -----
INFO - Name : adam
INFO - lr : 0.001
INFO - 
------ Initializer -----
INFO - Name : xavier
INFO - uniform : False
INFO - 
--------- Loss ---------
INFO - Name : pairwise
INFO - eta : 2
INFO - margin : 1
INFO - 
------ Regularizer -----
INFO - Name : LP
INFO - lambda : 1e-05
INFO - p : 3
INFO - 
------ Optimizer -----
INFO - Name : adam
INFO - lr : 0.001
INFO - 
------ Initializer -----
INFO - Name : xavier
INFO - uniform : False
INFO - 
--------- Loss ---------
INFO - Name : pairwise
INFO - eta : 2
INFO - margin : 1
INFO - 
------ Regularizer -----
INFO - Name : LP
INFO - lambda : 1e-05
INFO - p : 3
INFO - 
------ Optimizer -----
INFO - Name : adam
INFO - lr : 0.001
INFO - 
------ Initializer -----
INFO - Name : xavier
INFO - uniform : False
INFO - 
--------- Loss ---------
INFO - Name : pairwise
INFO - eta : 2
INFO - margin : 1
INFO - 
------ Regularizer -----
INFO - Name : LP
INFO - lambda : 1e-05
INFO - p : 3
INFO - 
------ Optimizer -----
INFO - Name : adam
INFO - lr : 0.001
INFO - 
------ Initializer -----
INFO - Name : xavier
INFO - uniform : False
INFO - 
--------- Loss ---------
INFO - Name : pairwise
INFO - eta : 2
INFO - margin : 1
INFO - 
------ Regularizer -----
INFO - Name : LP
INFO - lambda : 1e-05
INFO - p : 3
INFO - 
------ Optimizer -----
INFO - Name : adam
INFO - lr : 0.001
INFO - 
------ Initializer -----
INFO - Name : xavier
INFO - uniform : False
INFO - 
--------- Loss ---------
INFO - Name : pairwise
INFO - eta : 2
INFO - margin : 1
INFO - 
------ Regularizer -----
INFO - Name : LP
INFO - lambda : 1e-05
INFO - p : 3
INFO - 
------ Optimizer -----
INFO - Name : adam
INFO - lr : 0.001
INFO - 
------ Initializer -----
INFO - Name : xavier
INFO - uniform : False
INFO - 
--------- Loss ---------
INFO - Name : pairwise
INFO - eta : 2
INFO - margin : 1
INFO - 
------ Regularizer -----
INFO - Name : LP
INFO - lambda : 1e-05
INFO - p : 3
INFO - 
------ Optimizer -----
INFO - Name : adam
INFO - lr : 0.001
INFO - 
------ Initializer -----
INFO - Name : xavier
INFO - uniform : False
INFO - 
--------- Loss ---------
INFO - Name : pairwise
INFO - eta : 2
INFO - margin : 1
INFO - 
------ Regularizer -----
INFO - Name : LP
INFO - lambda : 1e-05
INFO - p : 3
INFO - 
------ Optimizer -----
INFO - Name : adam
INFO - lr : 0.001
INFO - 
------ Initializer -----
INFO - Name : xavier
INFO - uniform : False
INFO - 
--------- Loss ---------
INFO - Name : pairwise
INFO - eta : 2
INFO - margin : 1
INFO - 
------ Regularizer -----
INFO - Name : LP
INFO - lambda : 1e-05
INFO - p : 3
INFO - 
------ Optimizer -----
INFO - Name : adam
INFO - lr : 0.001
INFO - 
------ Initializer -----
INFO - Name : xavier
INFO - uniform : False
INFO - 
--------- Loss ---------
INFO - Name : pairwise
INFO - eta : 2
INFO - margin : 1
INFO - 
------ Regularizer -----
INFO - Name : LP
INFO - lambda : 1e-05
INFO - p : 3
INFO - 
------ Optimizer -----
INFO - Name : adam
INFO - lr : 0.001
INFO - 
------ Initializer -----
INFO - Name : xavier
INFO - uniform : False
INFO - 
--------- Loss ---------
INFO - Name : pairwise
INFO - eta : 2
INFO - margin : 1
INFO - 
------ Regularizer -----
INFO - Name : LP
INFO - lambda : 1e-05
INFO - p : 3
INFO - 
------ Optimizer -----
INFO - Name : adam
INFO - lr : 0.001
INFO - 
------ Initializer -----
INFO - Name : xavier
INFO - uniform : False
INFO - 
--------- Loss ---------
INFO - Name : pairwise
INFO - eta : 2
INFO - margin : 1
INFO - 
------ Regularizer -----
INFO - Name : LP
INFO - lambda : 1e-05
INFO - p : 3
INFO - 
------ Optimizer -----
INFO - Name : adam
INFO - lr : 0.001
INFO - 
------ Initializer -----
INFO - Name : xavier
INFO - uniform : False
INFO - 
--------- Loss ---------
INFO - Name : pairwise
INFO - eta : 2
INFO - margin : 1
INFO - 
------ Regularizer -----
INFO - Name : LP
INFO - lambda : 1e-05
INFO - p : 3
INFO - 
------ Optimizer -----
INFO - Name : adam
INFO - lr : 0.001
INFO - 
------ Initializer -----
INFO - Name : xavier
INFO - uniform : False
INFO - 
--------- Loss ---------
INFO - Name : pairwise
INFO - eta : 2
INFO - margin : 1
INFO - 
------ Regularizer -----
INFO - Name : LP
INFO - lambda : 1e-05
INFO - p : 3
INFO - 
------ Optimizer -----
INFO - Name : adam
INFO - lr : 0.001
INFO - 
------ Initializer -----
INFO - Name : xavier
INFO - uniform : False
INFO - 
--------- Loss ---------
INFO - Name : pairwise
INFO - eta : 2
INFO - margin : 1
INFO - 
------ Regularizer -----
INFO - Name : LP
INFO - lambda : 1e-05
INFO - p : 3
INFO - 
------ Optimizer -----
INFO - Name : adam
INFO - lr : 0.001
INFO - 
------ Initializer -----
INFO - Name : xavier
INFO - uniform : False
INFO - 
--------- Loss ---------
INFO - Name : pairwise
INFO - eta : 2
INFO - margin : 1
INFO - 
------ Regularizer -----
INFO - Name : LP
INFO - lambda : 1e-05
INFO - p : 3
INFO - 
------ Optimizer -----
INFO - Name : adam
INFO - lr : 0.001
INFO - 
------ Initializer -----
INFO - Name : xavier
INFO - uniform : False
INFO - 
--------- Loss ---------
INFO - Name : pairwise
INFO - eta : 2
INFO - margin : 1
INFO - 
------ Regularizer -----
INFO - Name : LP
INFO - lambda : 1e-05
INFO - p : 3
INFO - 
------ Optimizer -----
INFO - Name : adam
INFO - lr : 0.001
INFO - 
------ Initializer -----
INFO - Name : xavier
INFO - uniform : False
INFO - 
--------- Loss ---------
INFO - Name : pairwise
INFO - eta : 2
INFO - margin : 1
INFO - 
------ Regularizer -----
INFO - Name : LP
INFO - lambda : 1e-05
INFO - p : 3
INFO - 
------ Optimizer -----
INFO - Name : adam
INFO - lr : 0.001
INFO - 
------ Initializer -----
INFO - Name : xavier
INFO - uniform : False
INFO - 
--------- Loss ---------
INFO - Name : pairwise
INFO - eta : 2
INFO - margin : 1
INFO - 
------ Regularizer -----
INFO - Name : LP
INFO - lambda : 1e-05
INFO - p : 3
INFO - 
------ Optimizer -----
INFO - Name : adam
INFO - lr : 0.001
INFO - 
------ Initializer -----
INFO - Name : xavier
INFO - uniform : False
INFO - 
--------- Loss ---------
INFO - Name : pairwise
INFO - eta : 2
INFO - margin : 1
INFO - 
------ Regularizer -----
INFO - Name : LP
INFO - lambda : 1e-05
INFO - p : 3
INFO - 
------ Optimizer -----
INFO - Name : adam
INFO - lr : 0.001
INFO - 
------ Initializer -----
INFO - Name : xavier
INFO - uniform : False
INFO - 
--------- Loss ---------
INFO - Name : pairwise
INFO - eta : 2
INFO - margin : 1
INFO - 
------ Regularizer -----
INFO - Name : LP
INFO - lambda : 1e-05
INFO - p : 3
INFO - 
------ Optimizer -----
INFO - Name : adam
INFO - lr : 0.001
INFO - 
------ Initializer -----
INFO - Name : xavier
INFO - uniform : False
INFO - 
--------- Loss ---------
INFO - Name : pairwise
INFO - eta : 2
INFO - margin : 1
INFO - 
------ Regularizer -----
INFO - Name : LP
INFO - lambda : 1e-05
INFO - p : 3
INFO - 
------ Optimizer -----
INFO - Name : adam
INFO - lr : 0.001
INFO - 
------ Initializer -----
INFO - Name : xavier
INFO - uniform : False
INFO - 
--------- Loss ---------
INFO - Name : pairwise
INFO - eta : 2
INFO - margin : 1
INFO - 
------ Regularizer -----
INFO - Name : LP
INFO - lambda : 1e-05
INFO - p : 3
INFO - 
------ Optimizer -----
INFO - Name : adam
INFO - lr : 0.001
INFO - 
------ Initializer -----
INFO - Name : xavier
INFO - uniform : False
INFO - 
--------- Loss ---------
INFO - Name : pairwise
INFO - eta : 2
INFO - margin : 1
INFO - 
------ Regularizer -----
INFO - Name : LP
INFO - lambda : 1e-05
INFO - p : 3
INFO - 
------ Optimizer -----
INFO - Name : adam
INFO - lr : 0.001
INFO - 
------ Initializer -----
INFO - Name : xavier
INFO - uniform : False
INFO - 
--------- Loss ---------
INFO - Name : pairwise
INFO - eta : 2
INFO - margin : 1
INFO - 
------ Regularizer -----
INFO - Name : LP
INFO - lambda : 1e-05
INFO - p : 3
INFO - 
------ Optimizer -----
INFO - Name : adam
INFO - lr : 0.001
INFO - 
------ Initializer -----
INFO - Name : xavier
INFO - uniform : False
INFO - 
--------- Loss ---------
INFO - Name : pairwise
INFO - eta : 2
INFO - margin : 1
INFO - 
------ Regularizer -----
INFO - Name : LP
INFO - lambda : 1e-05
INFO - p : 3
INFO - 
------ Optimizer -----
INFO - Name : adam
INFO - lr : 0.001
INFO - 
------ Initializer -----
INFO - Name : xavier
INFO - uniform : False
INFO - 
--------- Loss ---------
INFO - Name : pairwise
INFO - eta : 2
INFO - margin : 1
INFO - 
------ Regularizer -----
INFO - Name : LP
INFO - lambda : 1e-05
INFO - p : 3
INFO - 
------ Optimizer -----
INFO - Name : adam
INFO - lr : 0.001
INFO - 
------ Initializer -----
INFO - Name : xavier
INFO - uniform : False
INFO - 
--------- Loss ---------
INFO - Name : pairwise
INFO - eta : 2
INFO - margin : 1
INFO - 
------ Regularizer -----
INFO - Name : LP
INFO - lambda : 1e-05
INFO - p : 3
INFO - 
------ Optimizer -----
INFO - Name : adam
INFO - lr : 0.001
INFO - 
------ Initializer -----
INFO - Name : xavier
INFO - uniform : False
INFO - 
--------- Loss ---------
INFO - Name : pairwise
INFO - eta : 2
INFO - margin : 1
INFO - 
------ Regularizer -----
INFO - Name : LP
INFO - lambda : 1e-05
INFO - p : 3
INFO - 
------ Optimizer -----
INFO - Name : adam
INFO - lr : 0.001
INFO - 
------ Initializer -----
INFO - Name : xavier
INFO - uniform : False
INFO - Early stopping at epoch:24
INFO - Best mrr:   0.337770
INFO - Early stopping at epoch:24
INFO - Best mrr:   0.331053
INFO - 
--------- Loss ---------
INFO - Name : pairwise
INFO - eta : 2
INFO - margin : 1
INFO - 
------ Regularizer -----
INFO - Name : LP
INFO - lambda : 1e-05
INFO - p : 3
INFO - 
------ Optimizer -----
INFO - Name : adam
INFO - lr : 0.001
INFO - 
------ Initializer -----
INFO - Name : xavier
INFO - uniform : False
INFO - 
--------- Loss ---------
INFO - Name : pairwise
INFO - eta : 2
INFO - margin : 1
INFO - 
------ Regularizer -----
INFO - Name : LP
INFO - lambda : 1e-05
INFO - p : 3
INFO - 
------ Optimizer -----
INFO - Name : adam
INFO - lr : 0.001
INFO - 
------ Initializer -----
INFO - Name : xavier
INFO - uniform : False
INFO - Early stopping at epoch:16
INFO - Best mrr:   0.312071
INFO - 
--------- Loss ---------
INFO - Name : pairwise
INFO - eta : 2
INFO - margin : 1
INFO - 
------ Regularizer -----
INFO - Name : LP
INFO - lambda : 1e-05
INFO - p : 3
INFO - 
------ Optimizer -----
INFO - Name : adam
INFO - lr : 0.001
INFO - 
------ Initializer -----
INFO - Name : xavier
INFO - uniform : False
INFO - Early stopping at epoch:16
INFO - Best mrr:   0.325162
INFO - 
--------- Loss ---------
INFO - Name : pairwise
INFO - eta : 2
INFO - margin : 1
INFO - 
------ Regularizer -----
INFO - Name : LP
INFO - lambda : 1e-05
INFO - p : 3
INFO - 
------ Optimizer -----
INFO - Name : adam
INFO - lr : 0.001
INFO - 
------ Initializer -----
INFO - Name : xavier
INFO - uniform : False
INFO - Early stopping at epoch:34
INFO - Best mrr:   0.318806
INFO - 
--------- Loss ---------
INFO - Name : pairwise
INFO - eta : 2
INFO - margin : 1
INFO - 
------ Regularizer -----
INFO - Name : LP
INFO - lambda : 1e-05
INFO - p : 3
INFO - 
------ Optimizer -----
INFO - Name : adam
INFO - lr : 0.001
INFO - 
------ Initializer -----
INFO - Name : xavier
INFO - uniform : False
INFO - Early stopping at epoch:26
INFO - Best mrr:   0.315921
INFO - 
--------- Loss ---------
INFO - Name : pairwise
INFO - eta : 2
INFO - margin : 1
INFO - 
------ Regularizer -----
INFO - Name : LP
INFO - lambda : 1e-05
INFO - p : 3
INFO - 
------ Optimizer -----
INFO - Name : adam
INFO - lr : 0.001
INFO - 
------ Initializer -----
INFO - Name : xavier
INFO - uniform : False
INFO - Early stopping at epoch:28
INFO - Best mrr:   0.363105
INFO - 
--------- Loss ---------
INFO - Name : pairwise
INFO - eta : 2
INFO - margin : 1
INFO - 
------ Regularizer -----
INFO - Name : LP
INFO - lambda : 1e-05
INFO - p : 3
INFO - 
------ Optimizer -----
INFO - Name : adam
INFO - lr : 0.001
INFO - 
------ Initializer -----
INFO - Name : xavier
INFO - uniform : False
INFO - Early stopping at epoch:28
INFO - Best mrr:   0.343027
INFO - 
--------- Loss ---------
INFO - Name : pairwise
INFO - eta : 2
INFO - margin : 1
INFO - 
------ Regularizer -----
INFO - Name : LP
INFO - lambda : 1e-05
INFO - p : 3
INFO - 
------ Optimizer -----
INFO - Name : adam
INFO - lr : 0.001
INFO - 
------ Initializer -----
INFO - Name : xavier
INFO - uniform : False
INFO - Early stopping at epoch:24
INFO - Best mrr:   0.347762
INFO - 
--------- Loss ---------
INFO - Name : pairwise
INFO - eta : 2
INFO - margin : 1
INFO - 
------ Regularizer -----
INFO - Name : LP
INFO - lambda : 1e-05
INFO - p : 3
INFO - 
------ Optimizer -----
INFO - Name : adam
INFO - lr : 0.001
INFO - 
------ Initializer -----
INFO - Name : xavier
INFO - uniform : False
INFO - Early stopping at epoch:28
INFO - Best mrr:   0.334718
INFO - 
--------- Loss ---------
INFO - Name : pairwise
INFO - eta : 2
INFO - margin : 1
INFO - 
------ Regularizer -----
INFO - Name : LP
INFO - lambda : 1e-05
INFO - p : 3
INFO - 
------ Optimizer -----
INFO - Name : adam
INFO - lr : 0.001
INFO - 
------ Initializer -----
INFO - Name : xavier
INFO - uniform : False
INFO - Early stopping at epoch:22
INFO - Best mrr:   0.323267
INFO - 
--------- Loss ---------
INFO - Name : pairwise
INFO - eta : 2
INFO - margin : 1
INFO - 
------ Regularizer -----
INFO - Name : LP
INFO - lambda : 1e-05
INFO - p : 3
INFO - 
------ Optimizer -----
INFO - Name : adam
INFO - lr : 0.001
INFO - 
------ Initializer -----
INFO - Name : xavier
INFO - uniform : False
INFO - Early stopping at epoch:28
INFO - Best mrr:   0.346116
INFO - 
--------- Loss ---------
INFO - Name : pairwise
INFO - eta : 2
INFO - margin : 1
INFO - 
------ Regularizer -----
INFO - Name : LP
INFO - lambda : 1e-05
INFO - p : 3
INFO - 
------ Optimizer -----
INFO - Name : adam
INFO - lr : 0.001
INFO - 
------ Initializer -----
INFO - Name : xavier
INFO - uniform : False
INFO - Early stopping at epoch:22
INFO - Best mrr:   0.328304
INFO - 
--------- Loss ---------
INFO - Name : pairwise
INFO - eta : 2
INFO - margin : 1
INFO - 
------ Regularizer -----
INFO - Name : LP
INFO - lambda : 1e-05
INFO - p : 3
INFO - 
------ Optimizer -----
INFO - Name : adam
INFO - lr : 0.001
INFO - 
------ Initializer -----
INFO - Name : xavier
INFO - uniform : False
INFO - Early stopping at epoch:28
INFO - Best mrr:   0.332220
INFO - 
--------- Loss ---------
INFO - Name : pairwise
INFO - eta : 2
INFO - margin : 1
INFO - 
------ Regularizer -----
INFO - Name : LP
INFO - lambda : 1e-05
INFO - p : 3
INFO - 
------ Optimizer -----
INFO - Name : adam
INFO - lr : 0.001
INFO - 
------ Initializer -----
INFO - Name : xavier
INFO - uniform : False
INFO - Early stopping at epoch:24
INFO - Best mrr:   0.349211
INFO - 
--------- Loss ---------
INFO - Name : pairwise
INFO - eta : 2
INFO - margin : 1
INFO - 
------ Regularizer -----
INFO - Name : LP
INFO - lambda : 1e-05
INFO - p : 3
INFO - 
------ Optimizer -----
INFO - Name : adam
INFO - lr : 0.001
INFO - 
------ Initializer -----
INFO - Name : xavier
INFO - uniform : False
INFO - Early stopping at epoch:28
INFO - Best mrr:   0.334880
INFO - 
--------- Loss ---------
INFO - Name : pairwise
INFO - eta : 2
INFO - margin : 1
INFO - 
------ Regularizer -----
INFO - Name : LP
INFO - lambda : 1e-05
INFO - p : 3
INFO - 
------ Optimizer -----
INFO - Name : adam
INFO - lr : 0.001
INFO - 
------ Initializer -----
INFO - Name : xavier
INFO - uniform : False
INFO - Early stopping at epoch:24
INFO - Best mrr:   0.348398
INFO - 
--------- Loss ---------
INFO - Name : pairwise
INFO - eta : 2
INFO - margin : 1
INFO - 
------ Regularizer -----
INFO - Name : LP
INFO - lambda : 1e-05
INFO - p : 3
INFO - 
------ Optimizer -----
INFO - Name : adam
INFO - lr : 0.001
INFO - 
------ Initializer -----
INFO - Name : xavier
INFO - uniform : False
INFO - Early stopping at epoch:20
INFO - Best mrr:   0.300934
INFO - 
--------- Loss ---------
INFO - Name : pairwise
INFO - eta : 2
INFO - margin : 1
INFO - 
------ Regularizer -----
INFO - Name : LP
INFO - lambda : 1e-05
INFO - p : 3
INFO - 
------ Optimizer -----
INFO - Name : adam
INFO - lr : 0.001
INFO - 
------ Initializer -----
INFO - Name : xavier
INFO - uniform : False
INFO - Early stopping at epoch:18
INFO - Best mrr:   0.326398
INFO - Early stopping at epoch:28
INFO - Best mrr:   0.355834
INFO - 
--------- Loss ---------
INFO - Name : pairwise
INFO - eta : 2
INFO - margin : 1
INFO - 
------ Regularizer -----
INFO - Name : LP
INFO - lambda : 1e-05
INFO - p : 3
INFO - 
------ Optimizer -----
INFO - Name : adam
INFO - lr : 0.001
INFO - 
------ Initializer -----
INFO - Name : xavier
INFO - uniform : False
INFO - 
--------- Loss ---------
INFO - Name : pairwise
INFO - eta : 2
INFO - margin : 1
INFO - 
------ Regularizer -----
INFO - Name : LP
INFO - lambda : 1e-05
INFO - p : 3
INFO - 
------ Optimizer -----
INFO - Name : adam
INFO - lr : 0.001
INFO - 
------ Initializer -----
INFO - Name : xavier
INFO - uniform : False
INFO - 
--------- Loss ---------
INFO - Name : pairwise
INFO - eta : 2
INFO - margin : 1
INFO - 
------ Regularizer -----
INFO - Name : LP
INFO - lambda : 1e-05
INFO - p : 3
INFO - 
------ Optimizer -----
INFO - Name : adam
INFO - lr : 0.001
INFO - 
------ Initializer -----
INFO - Name : xavier
INFO - uniform : False
ERROR - Input triples include one or more concepts not present in the training set. Please filter all concepts in X that do not occur in the training test (set filter_unseen=True in evaluate_performance) or retrain the model on a training set that includes all the desired concept types.
INFO - 
--------- Loss ---------
INFO - Name : pairwise
INFO - eta : 2
INFO - margin : 1
INFO - 
------ Regularizer -----
INFO - Name : LP
INFO - lambda : 1e-05
INFO - p : 3
INFO - 
------ Optimizer -----
INFO - Name : adam
INFO - lr : 0.001
INFO - 
------ Initializer -----
INFO - Name : xavier
INFO - uniform : False
ERROR - Input triples include one or more concepts not present in the training set. Please filter all concepts in X that do not occur in the training test (set filter_unseen=True in evaluate_performance) or retrain the model on a training set that includes all the desired concept types.
INFO - Early stopping at epoch:30
INFO - Best mrr:   0.531111
WARNING - 
DeepCTR version 0.9.3 detected. Your version is 0.9.1.
Use `pip install -U deepctr` to upgrade.Changelog: https://github.com/shenweichen/DeepCTR/releases/tag/v0.9.3
INFO - 
--------- Loss ---------
INFO - Name : pairwise
INFO - eta : 2
INFO - margin : 1
INFO - 
------ Regularizer -----
INFO - Name : LP
INFO - lambda : 1e-05
INFO - p : 3
INFO - 
------ Optimizer -----
INFO - Name : adam
INFO - lr : 0.001
INFO - 
------ Initializer -----
INFO - Name : xavier
INFO - uniform : False
ERROR - Input triples include one or more concepts not present in the training set. Please filter all concepts in X that do not occur in the training test (set filter_unseen=True in evaluate_performance) or retrain the model on a training set that includes all the desired concept types.
WARNING - 
DeepCTR version 0.9.3 detected. Your version is 0.9.1.
Use `pip install -U deepctr` to upgrade.Changelog: https://github.com/shenweichen/DeepCTR/releases/tag/v0.9.3
WARNING - 
DeepCTR version 0.9.3 detected. Your version is 0.9.1.
Use `pip install -U deepctr` to upgrade.Changelog: https://github.com/shenweichen/DeepCTR/releases/tag/v0.9.3
WARNING - 
DeepCTR version 0.9.3 detected. Your version is 0.9.1.
Use `pip install -U deepctr` to upgrade.Changelog: https://github.com/shenweichen/DeepCTR/releases/tag/v0.9.3
